.\Debug\KillContent.bsc
.\Debug\KillContent.ilk
.\Debug\KillContent.pdb
C:\Users\y36zhao\code\KillContent\.\Debug\KillContent.exe
C:\Users\y36zhao\code\KillContent\.\Debug\KillContent.exe.intermediate.manifest
C:\Users\y36zhao\code\KillContent\Debug\BscMake.command.1.tlog
C:\Users\y36zhao\code\KillContent\Debug\bscmake.read.1.tlog
C:\Users\y36zhao\code\KillContent\Debug\bscmake.write.1.tlog
C:\Users\y36zhao\code\KillContent\Debug\cl.command.1.tlog
C:\Users\y36zhao\code\KillContent\Debug\CL.read.1.tlog
C:\Users\y36zhao\code\KillContent\Debug\CL.write.1.tlog
C:\USERS\Y36ZHAO\CODE\KILLCONTENT\DEBUG\FILEADDEDIT.OBJ
C:\USERS\Y36ZHAO\CODE\KILLCONTENT\DEBUG\FILEADDEDIT.SBR
C:\USERS\Y36ZHAO\CODE\KILLCONTENT\DEBUG\FILEDIALOGEX.OBJ
C:\USERS\Y36ZHAO\CODE\KILLCONTENT\DEBUG\FILEDIALOGEX.SBR
C:\USERS\Y36ZHAO\CODE\KILLCONTENT\DEBUG\GENNOTESLIST.OBJ
C:\USERS\Y36ZHAO\CODE\KILLCONTENT\DEBUG\GENNOTESLIST.SBR
C:\USERS\Y36ZHAO\CODE\KILLCONTENT\DEBUG\KC_FILE.OBJ
C:\USERS\Y36ZHAO\CODE\KILLCONTENT\DEBUG\KC_FILE.SBR
C:\USERS\Y36ZHAO\CODE\KILLCONTENT\DEBUG\KC_FOLD.OBJ
C:\USERS\Y36ZHAO\CODE\KILLCONTENT\DEBUG\KC_FOLD.SBR
C:\USERS\Y36ZHAO\CODE\KILLCONTENT\DEBUG\KFIND.OBJ
C:\USERS\Y36ZHAO\CODE\KILLCONTENT\DEBUG\KFIND.SBR
C:\USERS\Y36ZHAO\CODE\KILLCONTENT\DEBUG\KILLCONTENT.BSC
C:\USERS\Y36ZHAO\CODE\KILLCONTENT\DEBUG\KILLCONTENT.EXE
C:\USERS\Y36ZHAO\CODE\KILLCONTENT\DEBUG\KILLCONTENT.EXE.EMBED.MANIFEST
C:\USERS\Y36ZHAO\CODE\KILLCONTENT\DEBUG\KILLCONTENT.EXE.EMBED.MANIFEST.RES
C:\USERS\Y36ZHAO\CODE\KILLCONTENT\DEBUG\KILLCONTENT.EXE.INTERMEDIATE.MANIFEST
C:\USERS\Y36ZHAO\CODE\KILLCONTENT\DEBUG\KILLCONTENT.ILK
C:\USERS\Y36ZHAO\CODE\KILLCONTENT\DEBUG\KILLCONTENT.OBJ
C:\USERS\Y36ZHAO\CODE\KILLCONTENT\DEBUG\KILLCONTENT.PCH
C:\USERS\Y36ZHAO\CODE\KILLCONTENT\DEBUG\KILLCONTENT.PDB
C:\USERS\Y36ZHAO\CODE\KILLCONTENT\DEBUG\KILLCONTENT.RES
C:\USERS\Y36ZHAO\CODE\KILLCONTENT\DEBUG\KILLCONTENT.SBR
C:\Users\y36zhao\code\KillContent\Debug\KillContent.vcxprojResolveAssemblyReference.cache
C:\Users\y36zhao\code\KillContent\Debug\KillContent.write.1.tlog
C:\Users\y36zhao\code\KillContent\Debug\KillContent_manifest.rc
C:\USERS\Y36ZHAO\CODE\KILLCONTENT\DEBUG\KILLCONTENTDLG.OBJ
C:\USERS\Y36ZHAO\CODE\KILLCONTENT\DEBUG\KILLCONTENTDLG.SBR
C:\USERS\Y36ZHAO\CODE\KILLCONTENT\DEBUG\KILLLISTCTRL.OBJ
C:\USERS\Y36ZHAO\CODE\KILLCONTENT\DEBUG\KILLLISTCTRL.SBR
C:\USERS\Y36ZHAO\CODE\KILLCONTENT\DEBUG\KILLOPTION.OBJ
C:\USERS\Y36ZHAO\CODE\KILLCONTENT\DEBUG\KILLOPTION.SBR
C:\Users\y36zhao\code\KillContent\Debug\link.command.1.tlog
C:\Users\y36zhao\code\KillContent\Debug\link.read.1.tlog
C:\Users\y36zhao\code\KillContent\Debug\link.write.1.tlog
C:\Users\y36zhao\code\KillContent\Debug\link-cvtres.read.1.tlog
C:\Users\y36zhao\code\KillContent\Debug\link-cvtres.write.1.tlog
C:\Users\y36zhao\code\KillContent\Debug\mt.command.1.tlog
C:\Users\y36zhao\code\KillContent\Debug\mt.read.1.tlog
C:\Users\y36zhao\code\KillContent\Debug\mt.write.1.tlog
C:\USERS\Y36ZHAO\CODE\KILLCONTENT\DEBUG\OPERATEKILLNOTE.OBJ
C:\USERS\Y36ZHAO\CODE\KILLCONTENT\DEBUG\OPERATEKILLNOTE.SBR
C:\USERS\Y36ZHAO\CODE\KILLCONTENT\DEBUG\PREVIEWCODE.OBJ
C:\USERS\Y36ZHAO\CODE\KILLCONTENT\DEBUG\PREVIEWCODE.SBR
C:\Users\y36zhao\code\KillContent\Debug\rc.command.1.tlog
C:\Users\y36zhao\code\KillContent\Debug\rc.read.1.tlog
C:\Users\y36zhao\code\KillContent\Debug\rc.write.1.tlog
C:\USERS\Y36ZHAO\CODE\KILLCONTENT\DEBUG\STDAFX.OBJ
C:\USERS\Y36ZHAO\CODE\KILLCONTENT\DEBUG\STDAFX.SBR
C:\Users\y36zhao\code\KillContent\Debug\vc100.idb
C:\USERS\Y36ZHAO\CODE\KILLCONTENT\DEBUG\VC100.PDB
