Build started 9/18/2018 8:33:19 PM.
     1>Project "C:\Users\y36zhao\code\KillContent\KillContent.vcxproj" on node 2 (build target(s)).
     1>InitializeBuildStatus:
         Creating ".\Debug\KillContent.unsuccessfulbuild" because "AlwaysCreate" was specified.
       ClCompile:
         All outputs are up-to-date.
         All outputs are up-to-date.
       ResourceCompile:
         All outputs are up-to-date.
       ManifestResourceCompile:
         All outputs are up-to-date.
       Link:
         All outputs are up-to-date.
       Manifest:
         All outputs are up-to-date.
         All outputs are up-to-date.
       BscMake:
         All outputs are up-to-date.
       FinalizeBuildStatus:
         Deleting file ".\Debug\KillContent.unsuccessfulbuild".
         Touching ".\Debug\KillContent.lastbuildstate".
     1>Done Building Project "C:\Users\y36zhao\code\KillContent\KillContent.vcxproj" (build target(s)).

Build succeeded.

Time Elapsed 00:00:00.07
